\BOOKMARK [1][-]{section.1}{Identity}{}% 1
\BOOKMARK [2][-]{subsection.1.1}{A Brief Biography}{section.1}% 2
\BOOKMARK [2][-]{subsection.1.2}{My Values}{section.1}% 3
\BOOKMARK [2][-]{subsection.1.3}{Skills}{section.1}% 4
\BOOKMARK [2][-]{subsection.1.4}{Biases}{section.1}% 5
\BOOKMARK [2][-]{subsection.1.5}{Metadiscourse on Handbook Design}{section.1}% 6
\BOOKMARK [1][-]{section.2}{Projects}{}% 7
\BOOKMARK [2][-]{subsection.2.1}{Importance of Projects}{section.2}% 8
\BOOKMARK [2][-]{subsection.2.2}{Praxis I Design - Smart Hat}{section.2}% 9
\BOOKMARK [3][-]{subsubsection.2.2.1}{Process}{subsection.2.2}% 10
\BOOKMARK [3][-]{subsubsection.2.2.2}{Holistic Review}{subsection.2.2}% 11
\BOOKMARK [2][-]{subsection.2.3}{CIV102 - Genetic Bridge Algorithm}{section.2}% 12
\BOOKMARK [3][-]{subsubsection.2.3.1}{Process}{subsection.2.3}% 13
\BOOKMARK [3][-]{subsubsection.2.3.2}{Holistic Review}{subsection.2.3}% 14
\BOOKMARK [2][-]{subsection.2.4}{Praxis II Launcher}{section.2}% 15
\BOOKMARK [3][-]{subsubsection.2.4.1}{Process}{subsection.2.4}% 16
\BOOKMARK [3][-]{subsubsection.2.4.2}{Holistic Review}{subsection.2.4}% 17
\BOOKMARK [2][-]{subsection.2.5}{UofT Consulting Association Engagement: CareRelay}{section.2}% 18
\BOOKMARK [3][-]{subsubsection.2.5.1}{Process}{subsection.2.5}% 19
\BOOKMARK [3][-]{subsubsection.2.5.2}{Holistic Review}{subsection.2.5}% 20
\BOOKMARK [2][-]{subsection.2.6}{Play the Orchestra \(MakeUofT\)}{section.2}% 21
\BOOKMARK [3][-]{subsubsection.2.6.1}{Process}{subsection.2.6}% 22
\BOOKMARK [3][-]{subsubsection.2.6.2}{Holistic Review}{subsection.2.6}% 23
\BOOKMARK [2][-]{subsection.2.7}{Praxis II Firefighter RFP Implementation}{section.2}% 24
\BOOKMARK [3][-]{subsubsection.2.7.1}{Process}{subsection.2.7}% 25
\BOOKMARK [3][-]{subsubsection.2.7.2}{Holistic Review}{subsection.2.7}% 26
\BOOKMARK [2][-]{subsection.2.8}{Recursive Self-Actualization}{section.2}% 27
\BOOKMARK [3][-]{subsubsection.2.8.1}{Process}{subsection.2.8}% 28
\BOOKMARK [3][-]{subsubsection.2.8.2}{Validity as an Engineering Project}{subsection.2.8}% 29
\BOOKMARK [1][-]{section.3}{Personal Design Process}{}% 30
\BOOKMARK [2][-]{subsection.3.1}{Brief Description of Process}{section.3}% 31
\BOOKMARK [3][-]{subsubsection.3.1.1}{Central Path Justification}{subsection.3.1}% 32
\BOOKMARK [3][-]{subsubsection.3.1.2}{Justification for Alternative Paths}{subsection.3.1}% 33
\BOOKMARK [2][-]{subsection.3.2}{Metadiscourse on Personal Design Process}{section.3}% 34
\BOOKMARK [1][-]{section.4}{Tools Index}{}% 35
\BOOKMARK [2][-]{subsection.4.1}{Multi-vote [4]}{section.4}% 36
\BOOKMARK [2][-]{subsection.4.2}{How/wow/now matrix [5]}{section.4}% 37
\BOOKMARK [2][-]{subsection.4.3}{Solo to Group Brainstorming [6]}{section.4}% 38
\BOOKMARK [2][-]{subsection.4.4}{Multi-Panel Diverging}{section.4}% 39
\BOOKMARK [2][-]{subsection.4.5}{Minimum Viable Product \(MVP\) [7]}{section.4}% 40
\BOOKMARK [2][-]{subsection.4.6}{Continuous Argument}{section.4}% 41
\BOOKMARK [2][-]{subsection.4.7}{Shoshin Prototyping [8]}{section.4}% 42
\BOOKMARK [2][-]{subsection.4.8}{Extreme DfX [9]}{section.4}% 43
\BOOKMARK [2][-]{subsection.4.9}{Divide and Conquer}{section.4}% 44
\BOOKMARK [2][-]{subsection.4.10}{Pugh Chart [10]}{section.4}% 45
\BOOKMARK [2][-]{subsection.4.11}{Sensitivity Analysis [11]}{section.4}% 46
\BOOKMARK [2][-]{subsection.4.12}{Devil\220s Advocate [12]}{section.4}% 47
\BOOKMARK [2][-]{subsection.4.13}{80-20 Risk Management Analysis}{section.4}% 48
\BOOKMARK [2][-]{subsection.4.14}{Pareto Curve Optimization [14]}{section.4}% 49
\BOOKMARK [2][-]{subsection.4.15}{Expected Value Calculations}{section.4}% 50
\BOOKMARK [2][-]{subsection.4.16}{Triangulation}{section.4}% 51
\BOOKMARK [2][-]{subsection.4.17}{Believability-weighted decision making [17]}{section.4}% 52
\BOOKMARK [2][-]{subsection.4.18}{Iterative design [18]}{section.4}% 53
\BOOKMARK [2][-]{subsection.4.19}{Rapid, automated iterative design [19]}{section.4}% 54
\BOOKMARK [1][-]{section.5}{Source Extracts}{}% 55
